# JRE version: Java(TM) SE Runtime Environment (8.0_25-b17) (build 1.8.0_25-b17)
# Java VM: Java HotSpot(TM) 64-Bit Server VM (25.25-b02 mixed mode bsd-amd64 compressed oops)
Heap:
 PSYoungGen      total 117248K, used 19228K [0x0000000795580000, 0x00000007a0280000, 0x00000007c0000000)
  eden space 103936K, 5% used [0x0000000795580000,0x0000000795b4ac30,0x000000079bb00000)
  from space 13312K, 99% used [0x000000079bb00000,0x000000079c7fc568,0x000000079c800000)
  to   space 15872K, 0% used [0x000000079f300000,0x000000079f300000,0x00000007a0280000)
 ParOldGen       total 92160K, used 19206K [0x0000000740000000, 0x0000000745a00000, 0x0000000795580000)
  object space 92160K, 20% used [0x0000000740000000,0x00000007412c1b50,0x0000000745a00000)
 Metaspace       used 37215K, capacity 38780K, committed 39000K, reserved 1083392K
  class space    used 4829K, capacity 5101K, committed 5208K, reserved 1048576K
GC Heap History (10 events):
Event: 5.187 GC heap before
{Heap before GC invocations=5 (full 1):
 PSYoungGen      total 71680K, used 5095K [0x0000000795580000, 0x000000079a080000, 0x00000007c0000000)
  eden space 66560K, 0% used [0x0000000795580000,0x0000000795580000,0x0000000799680000)
  from space 5120K, 99% used [0x0000000799b80000,0x000000079a079dd8,0x000000079a080000)
  to   space 5120K, 0% used [0x0000000799680000,0x0000000799680000,0x0000000799b80000)
 ParOldGen       total 87552K, used 4459K [0x0000000740000000, 0x0000000745580000, 0x0000000795580000)
  object space 87552K, 5% used [0x0000000740000000,0x000000074045ad68,0x0000000745580000)
 Metaspace       used 20718K, capacity 21168K, committed 21248K, reserved 1067008K
  class space    used 2670K, capacity 2799K, committed 2816K, reserved 1048576K
Event: 5.288 GC heap after
Heap after GC invocations=5 (full 1):
 PSYoungGen      total 71680K, used 0K [0x0000000795580000, 0x000000079a080000, 0x00000007c0000000)
  eden space 66560K, 0% used [0x0000000795580000,0x0000000795580000,0x0000000799680000)
  from space 5120K, 0% used [0x0000000799b80000,0x0000000799b80000,0x000000079a080000)
  to   space 5120K, 0% used [0x0000000799680000,0x0000000799680000,0x0000000799b80000)
 ParOldGen       total 53248K, used 5850K [0x0000000740000000, 0x0000000743400000, 0x0000000795580000)
  object space 53248K, 10% used [0x0000000740000000,0x00000007405b6a88,0x0000000743400000)
 Metaspace       used 20717K, capacity 21166K, committed 21248K, reserved 1067008K
  class space    used 2670K, capacity 2798K, committed 2816K, reserved 1048576K
}
Event: 7.865 GC heap before
{Heap before GC invocations=6 (full 1):
 PSYoungGen      total 71680K, used 66560K [0x0000000795580000, 0x000000079a080000, 0x00000007c0000000)
  eden space 66560K, 100% used [0x0000000795580000,0x0000000799680000,0x0000000799680000)
  from space 5120K, 0% used [0x0000000799b80000,0x0000000799b80000,0x000000079a080000)
  to   space 5120K, 0% used [0x0000000799680000,0x0000000799680000,0x0000000799b80000)
 ParOldGen       total 53248K, used 5850K [0x0000000740000000, 0x0000000743400000, 0x0000000795580000)
  object space 53248K, 10% used [0x0000000740000000,0x00000007405b6a88,0x0000000743400000)
 Metaspace       used 28051K, capacity 29096K, committed 29184K, reserved 1075200K
  class space    used 3629K, capacity 3823K, committed 3840K, reserved 1048576K
Event: 7.898 GC heap after
Heap after GC invocations=6 (full 1):
 PSYoungGen      total 71680K, used 5111K [0x0000000795580000, 0x000000079d100000, 0x00000007c0000000)
  eden space 66560K, 0% used [0x0000000795580000,0x0000000795580000,0x0000000799680000)
  from space 5120K, 99% used [0x0000000799680000,0x0000000799b7dfe0,0x0000000799b80000)
  to   space 9216K, 0% used [0x000000079c800000,0x000000079c800000,0x000000079d100000)
 ParOldGen       total 53248K, used 9068K [0x0000000740000000, 0x0000000743400000, 0x0000000795580000)
  object space 53248K, 17% used [0x0000000740000000,0x00000007408db0b0,0x0000000743400000)
 Metaspace       used 28051K, capacity 29096K, committed 29184K, reserved 1075200K
  class space    used 3629K, capacity 3823K, committed 3840K, reserved 1048576K
}
Event: 10.165 GC heap before
{Heap before GC invocations=7 (full 1):
 PSYoungGen      total 71680K, used 69730K [0x0000000795580000, 0x000000079d100000, 0x00000007c0000000)
  eden space 66560K, 97% used [0x0000000795580000,0x000000079949abd0,0x0000000799680000)
  from space 5120K, 99% used [0x0000000799680000,0x0000000799b7dfe0,0x0000000799b80000)
  to   space 9216K, 0% used [0x000000079c800000,0x000000079c800000,0x000000079d100000)
 ParOldGen       total 53248K, used 9068K [0x0000000740000000, 0x0000000743400000, 0x0000000795580000)
  object space 53248K, 17% used [0x0000000740000000,0x00000007408db0b0,0x0000000743400000)
 Metaspace       used 33891K, capacity 35334K, committed 35416K, reserved 1079296K
  class space    used 4368K, capacity 4626K, committed 4696K, reserved 1048576K
Event: 10.216 GC heap after
Heap after GC invocations=7 (full 1):
 PSYoungGen      total 113152K, used 9197K [0x0000000795580000, 0x000000079d800000, 0x00000007c0000000)
  eden space 103936K, 0% used [0x0000000795580000,0x0000000795580000,0x000000079bb00000)
  from space 9216K, 99% used [0x000000079c800000,0x000000079d0fb4c0,0x000000079d100000)
  to   space 13312K, 0% used [0x000000079bb00000,0x000000079bb00000,0x000000079c800000)
 ParOldGen       total 53248K, used 14295K [0x0000000740000000, 0x0000000743400000, 0x0000000795580000)
  object space 53248K, 26% used [0x0000000740000000,0x0000000740df5f78,0x0000000743400000)
 Metaspace       used 33891K, capacity 35334K, committed 35416K, reserved 1079296K
  class space    used 4368K, capacity 4626K, committed 4696K, reserved 1048576K
}
Event: 10.217 GC heap before
{Heap before GC invocations=8 (full 2):
 PSYoungGen      total 113152K, used 9197K [0x0000000795580000, 0x000000079d800000, 0x00000007c0000000)
  eden space 103936K, 0% used [0x0000000795580000,0x0000000795580000,0x000000079bb00000)
  from space 9216K, 99% used [0x000000079c800000,0x000000079d0fb4c0,0x000000079d100000)
  to   space 13312K, 0% used [0x000000079bb00000,0x000000079bb00000,0x000000079c800000)
 ParOldGen       total 53248K, used 14295K [0x0000000740000000, 0x0000000743400000, 0x0000000795580000)
  object space 53248K, 26% used [0x0000000740000000,0x0000000740df5f78,0x0000000743400000)
 Metaspace       used 33891K, capacity 35334K, committed 35416K, reserved 1079296K
  class space    used 4368K, capacity 4626K, committed 4696K, reserved 1048576K
Event: 10.458 GC heap after
Heap after GC invocations=8 (full 2):
 PSYoungGen      total 113152K, used 0K [0x0000000795580000, 0x000000079d800000, 0x00000007c0000000)
  eden space 103936K, 0% used [0x0000000795580000,0x0000000795580000,0x000000079bb00000)
  from space 9216K, 0% used [0x000000079c800000,0x000000079c800000,0x000000079d100000)
  to   space 13312K, 0% used [0x000000079bb00000,0x000000079bb00000,0x000000079c800000)
 ParOldGen       total 92160K, used 17794K [0x0000000740000000, 0x0000000745a00000, 0x0000000795580000)
  object space 92160K, 19% used [0x0000000740000000,0x00000007411609d8,0x0000000745a00000)
 Metaspace       used 33891K, capacity 35334K, committed 35416K, reserved 1079296K
  class space    used 4368K, capacity 4626K, committed 4696K, reserved 1048576K
}
Event: 322.081 GC heap before
{Heap before GC invocations=9 (full 2):
 PSYoungGen      total 113152K, used 101515K [0x0000000795580000, 0x000000079d800000, 0x00000007c0000000)
  eden space 103936K, 97% used [0x0000000795580000,0x000000079b8a2df8,0x000000079bb00000)
  from space 9216K, 0% used [0x000000079c800000,0x000000079c800000,0x000000079d100000)
  to   space 13312K, 0% used [0x000000079bb00000,0x000000079bb00000,0x000000079c800000)
 ParOldGen       total 92160K, used 17794K [0x0000000740000000, 0x0000000745a00000, 0x0000000795580000)
  object space 92160K, 19% used [0x0000000740000000,0x00000007411609d8,0x0000000745a00000)
 Metaspace       used 37198K, capacity 38780K, committed 39000K, reserved 1083392K
  class space    used 4828K, capacity 5101K, committed 5208K, reserved 1048576K
Event: 322.107 GC heap after
Heap after GC invocations=9 (full 2):
 PSYoungGen      total 117248K, used 13297K [0x0000000795580000, 0x00000007a0280000, 0x00000007c0000000)
  eden space 103936K, 0% used [0x0000000795580000,0x0000000795580000,0x000000079bb00000)
  from space 13312K, 99% used [0x000000079bb00000,0x000000079c7fc568,0x000000079c800000)
  to   space 15872K, 0% used [0x000000079f300000,0x000000079f300000,0x00000007a0280000)
 ParOldGen       total 92160K, used 19206K [0x0000000740000000, 0x0000000745a00000, 0x0000000795580000)
  object space 92160K, 20% used [0x0000000740000000,0x00000007412c1b50,0x0000000745a00000)
 Metaspace       used 37198K, capacity 38780K, committed 39000K, reserved 1083392K
  class space    used 4828K, capacity 5101K, committed 5208K, reserved 1048576K
}

